[0.053s] Invoking command in '/home/parallels/ros2_ws/build/cpp_pubsub': CMAKE_PREFIX_PATH=${CMAKE_PREFIX_PATH}:/home/parallels/ros2_ws/install/py_srvcli:/home/parallels/ros2_ws/install/py_pubsub:/home/parallels/ros2_ws/install/launch_testing_examples:/home/parallels/ros2_ws/install/examples_rclpy_pointcloud_publisher:/home/parallels/ros2_ws/install/examples_rclpy_minimal_subscriber:/home/parallels/ros2_ws/install/examples_rclpy_minimal_service:/home/parallels/ros2_ws/install/examples_rclpy_minimal_publisher:/home/parallels/ros2_ws/install/examples_rclpy_minimal_client:/home/parallels/ros2_ws/install/examples_rclpy_minimal_action_server:/home/parallels/ros2_ws/install/examples_rclpy_minimal_action_client:/home/parallels/ros2_ws/install/examples_rclpy_guard_conditions:/home/parallels/ros2_ws/install/examples_rclpy_executors:/opt/ros/humble /usr/bin/cmake --build /home/parallels/ros2_ws/build/cpp_pubsub -- -j2 -l2
[0.257s] [  8%] Built target cpp_pubsub__rosidl_generator_c
[0.258s] [ 11%] Built target cpp_pubsub__cpp
[0.309s] [ 11%] Built target ament_cmake_python_copy_cpp_pubsub
[0.329s] [ 14%] [32mBuilding CXX object CMakeFiles/talker.dir/src/publisher_member_function.cpp.o[0m
[0.356s] [ 20%] Built target listener
[0.378s] [ 28%] Built target cpp_pubsub__rosidl_typesupport_cpp
[0.429s] [ 37%] Built target cpp_pubsub__rosidl_typesupport_fastrtps_c
[0.451s] [ 45%] Built target cpp_pubsub__rosidl_typesupport_fastrtps_cpp
[0.472s] [ 54%] Built target cpp_pubsub__rosidl_typesupport_introspection_c
[0.492s] [ 62%] Built target cpp_pubsub__rosidl_typesupport_c
[0.512s] [ 71%] Built target cpp_pubsub__rosidl_typesupport_introspection_cpp
[0.876s] [01m[K/home/parallels/ros2_ws/src/cpp_pubsub/src/publisher_member_function.cpp:22:10:[m[K [01;31m[Kfatal error: [m[Ktutorial_interfaces/msg/Num: No such file or directory
[0.876s]    22 | #include [01;31m[K"tutorial_interfaces/msg/Num"[m[K
[0.876s]       |          [01;31m[K^~~~~~~~~~~~~~~~~~~~~~~~~~~~~[m[K
[0.876s] compilation terminated.
[0.884s] gmake[2]: *** [CMakeFiles/talker.dir/build.make:76: CMakeFiles/talker.dir/src/publisher_member_function.cpp.o] Error 1
[0.884s] gmake[1]: *** [CMakeFiles/Makefile2:594: CMakeFiles/talker.dir/all] Error 2
[0.884s] gmake[1]: *** Waiting for unfinished jobs....
[0.899s] running egg_info
[0.899s] writing cpp_pubsub.egg-info/PKG-INFO
[0.899s] writing dependency_links to cpp_pubsub.egg-info/dependency_links.txt
[0.899s] writing top-level names to cpp_pubsub.egg-info/top_level.txt
[0.902s] reading manifest file 'cpp_pubsub.egg-info/SOURCES.txt'
[0.903s] writing manifest file 'cpp_pubsub.egg-info/SOURCES.txt'
[0.925s] [ 71%] Built target ament_cmake_python_build_cpp_pubsub_egg
[0.926s] gmake: *** [Makefile:146: all] Error 2
[0.928s] Invoked command in '/home/parallels/ros2_ws/build/cpp_pubsub' returned '2': CMAKE_PREFIX_PATH=${CMAKE_PREFIX_PATH}:/home/parallels/ros2_ws/install/py_srvcli:/home/parallels/ros2_ws/install/py_pubsub:/home/parallels/ros2_ws/install/launch_testing_examples:/home/parallels/ros2_ws/install/examples_rclpy_pointcloud_publisher:/home/parallels/ros2_ws/install/examples_rclpy_minimal_subscriber:/home/parallels/ros2_ws/install/examples_rclpy_minimal_service:/home/parallels/ros2_ws/install/examples_rclpy_minimal_publisher:/home/parallels/ros2_ws/install/examples_rclpy_minimal_client:/home/parallels/ros2_ws/install/examples_rclpy_minimal_action_server:/home/parallels/ros2_ws/install/examples_rclpy_minimal_action_client:/home/parallels/ros2_ws/install/examples_rclpy_guard_conditions:/home/parallels/ros2_ws/install/examples_rclpy_executors:/opt/ros/humble /usr/bin/cmake --build /home/parallels/ros2_ws/build/cpp_pubsub -- -j2 -l2
