[0.051s] Invoking command in '/home/parallels/ros2_ws/build/my_opencv_demo': CMAKE_PREFIX_PATH=/opt/ros/humble /usr/bin/cmake --build /home/parallels/ros2_ws/build/my_opencv_demo -- -j2 -l2
[0.224s] [35m[1mConsolidate compiler generated dependencies of target minimal_opencv_ros2_node[0m
[0.251s] [ 50%] [32mBuilding CXX object CMakeFiles/minimal_opencv_ros2_node.dir/src/minimal_opencv_ros2_node.cpp.o[0m
[5.072s] [01m[K/home/parallels/ros2_ws/src/my_opencv_demo/src/minimal_opencv_ros2_node.cpp:[m[K In member function â€˜[01m[Kvoid MinimalImagePublisher::timer_callback()[m[Kâ€™:
[5.074s] [01m[K/home/parallels/ros2_ws/src/my_opencv_demo/src/minimal_opencv_ros2_node.cpp:32:9:[m[K [01;31m[Kerror: [m[Kâ€˜[01m[Kcap[m[Kâ€™ was not declared in this scope
[5.074s]    32 |         [01;31m[Kcap[m[K >> frame;
[5.074s]       |         [01;31m[K^~~[m[K
[5.074s] [01m[K/home/parallels/ros2_ws/src/my_opencv_demo/src/minimal_opencv_ros2_node.cpp:36:13:[m[K [01;31m[Kerror: [m[Kbreak statement not within loop or switch
[5.074s]    36 |             [01;31m[Kbreak[m[K;
[5.074s]       |             [01;31m[K^~~~~[m[K
[5.074s] [01m[K/home/parallels/ros2_ws/src/my_opencv_demo/src/minimal_opencv_ros2_node.cpp:44:13:[m[K [01;31m[Kerror: [m[Kbreak statement not within loop or switch
[5.075s]    44 |             [01;31m[Kbreak[m[K;
[5.075s]       |             [01;31m[K^~~~~[m[K
[5.075s] [01m[K/home/parallels/ros2_ws/src/my_opencv_demo/src/minimal_opencv_ros2_node.cpp:45:39:[m[K [01;31m[Kerror: [m[Kâ€˜[01m[KString[m[Kâ€™ is not a member of â€˜[01m[Kstd_msgs::msg[m[Kâ€™; did you mean â€˜[01m[Kcv::String[m[Kâ€™?
[5.075s]    45 |         auto message = std_msgs::msg::[01;31m[KString[m[K();
[5.075s]       |                                       [01;31m[K^~~~~~[m[K
[5.075s] In file included from [01m[K/usr/include/opencv4/opencv2/core/base.hpp:58[m[K,
[5.075s]                  from [01m[K/usr/include/opencv4/opencv2/core.hpp:53[m[K,
[5.075s]                  from [01m[K/usr/include/opencv4/opencv2/core/core.hpp:48[m[K,
[5.075s]                  from [01m[K/opt/ros/humble/include/cv_bridge/cv_bridge/cv_bridge.h:43[m[K,
[5.075s]                  from [01m[K/home/parallels/ros2_ws/src/my_opencv_demo/src/minimal_opencv_ros2_node.cpp:5[m[K:
[5.075s] [01m[K/usr/include/opencv4/opencv2/core/cvstd.hpp:152:21:[m[K [01;36m[Knote: [m[Kâ€˜[01m[Kcv::String[m[Kâ€™ declared here
[5.075s]   152 | typedef std::string [01;36m[KString[m[K;
[5.075s]       |                     [01;36m[K^~~~~~[m[K
[6.359s] gmake[2]: *** [CMakeFiles/minimal_opencv_ros2_node.dir/build.make:76: CMakeFiles/minimal_opencv_ros2_node.dir/src/minimal_opencv_ros2_node.cpp.o] Error 1
[6.359s] gmake[1]: *** [CMakeFiles/Makefile2:137: CMakeFiles/minimal_opencv_ros2_node.dir/all] Error 2
[6.359s] gmake: *** [Makefile:146: all] Error 2
[6.412s] Invoked command in '/home/parallels/ros2_ws/build/my_opencv_demo' returned '2': CMAKE_PREFIX_PATH=/opt/ros/humble /usr/bin/cmake --build /home/parallels/ros2_ws/build/my_opencv_demo -- -j2 -l2
