[0.056s] Invoking command in '/home/parallels/ros2_ws/build/my_opencv_demo': CMAKE_PREFIX_PATH=/opt/ros/humble /usr/bin/cmake --build /home/parallels/ros2_ws/build/my_opencv_demo -- -j2 -l2
[0.278s] [35m[1mConsolidate compiler generated dependencies of target minimal_opencv_ros2_node[0m
[0.308s] [ 50%] [32mBuilding CXX object CMakeFiles/minimal_opencv_ros2_node.dir/src/minimal_opencv_ros2_node.cpp.o[0m
[3.703s] [01m[K/home/parallels/ros2_ws/src/my_opencv_demo/src/minimal_opencv_ros2_node.cpp:[m[K In constructor â€˜[01m[KMinimalImagePublisher::MinimalImagePublisher()[m[Kâ€™:
[3.703s] [01m[K/home/parallels/ros2_ws/src/my_opencv_demo/src/minimal_opencv_ros2_node.cpp:16:55:[m[K [01;31m[Kerror: [m[Kâ€˜[01m[KMinimalPublisher[m[Kâ€™ has not been declared
[3.703s]    16 |     timer_ = this->create_wall_timer(50ms, std::bind(&[01;31m[KMinimalPublisher[m[K::timer_callback, this));
[3.703s]       |                                                       [01;31m[K^~~~~~~~~~~~~~~~[m[K
[4.733s] gmake[2]: *** [CMakeFiles/minimal_opencv_ros2_node.dir/build.make:76: CMakeFiles/minimal_opencv_ros2_node.dir/src/minimal_opencv_ros2_node.cpp.o] Error 1
[4.734s] gmake[1]: *** [CMakeFiles/Makefile2:137: CMakeFiles/minimal_opencv_ros2_node.dir/all] Error 2
[4.734s] gmake: *** [Makefile:146: all] Error 2
[4.776s] Invoked command in '/home/parallels/ros2_ws/build/my_opencv_demo' returned '2': CMAKE_PREFIX_PATH=/opt/ros/humble /usr/bin/cmake --build /home/parallels/ros2_ws/build/my_opencv_demo -- -j2 -l2
