[0.059s] Invoking command in '/home/parallels/ros2_ws/build/cpp_pubsub': CMAKE_PREFIX_PATH=${CMAKE_PREFIX_PATH}:/home/parallels/ros2_ws/install/py_srvcli:/home/parallels/ros2_ws/install/py_pubsub:/home/parallels/ros2_ws/install/launch_testing_examples:/home/parallels/ros2_ws/install/examples_rclpy_pointcloud_publisher:/home/parallels/ros2_ws/install/examples_rclpy_minimal_subscriber:/home/parallels/ros2_ws/install/examples_rclpy_minimal_service:/home/parallels/ros2_ws/install/examples_rclpy_minimal_publisher:/home/parallels/ros2_ws/install/examples_rclpy_minimal_client:/home/parallels/ros2_ws/install/examples_rclpy_minimal_action_server:/home/parallels/ros2_ws/install/examples_rclpy_minimal_action_client:/home/parallels/ros2_ws/install/examples_rclpy_guard_conditions:/home/parallels/ros2_ws/install/examples_rclpy_executors:/opt/ros/humble /usr/bin/cmake --build /home/parallels/ros2_ws/build/cpp_pubsub -- -j2 -l2
[0.264s] [  2%] Built target cpp_pubsub__cpp
[0.278s] [ 11%] Built target cpp_pubsub__rosidl_generator_c
[0.319s] [ 11%] Built target ament_cmake_python_copy_cpp_pubsub
[0.353s] [ 14%] [32mBuilding CXX object CMakeFiles/talker.dir/src/publisher_member_function.cpp.o[0m
[0.357s] [ 20%] Built target listener
[0.392s] [ 28%] Built target cpp_pubsub__rosidl_typesupport_cpp
[0.426s] [ 37%] Built target cpp_pubsub__rosidl_typesupport_fastrtps_c
[0.464s] [ 45%] Built target cpp_pubsub__rosidl_typesupport_fastrtps_cpp
[0.501s] [ 54%] Built target cpp_pubsub__rosidl_typesupport_introspection_c
[0.530s] [ 62%] Built target cpp_pubsub__rosidl_typesupport_c
[0.563s] [ 71%] Built target cpp_pubsub__rosidl_typesupport_introspection_cpp
[0.943s] [01m[K/home/parallels/ros2_ws/src/cpp_pubsub/src/publisher_member_function.cpp:22:10:[m[K [01;31m[Kfatal error: [m[Kcustom_interfaces/msg/_char.hpp: No such file or directory
[0.943s]    22 | #include [01;31m[K"custom_interfaces/msg/_char.hpp"[m[K
[0.943s]       |          [01;31m[K^~~~~~~~~~~~~~~~~~~~~~~~~~~~~~~~~[m[K
[0.943s] compilation terminated.
[0.948s] gmake[2]: *** [CMakeFiles/talker.dir/build.make:76: CMakeFiles/talker.dir/src/publisher_member_function.cpp.o] Error 1
[0.948s] gmake[1]: *** [CMakeFiles/Makefile2:594: CMakeFiles/talker.dir/all] Error 2
[0.948s] gmake[1]: *** Waiting for unfinished jobs....
[1.121s] running egg_info
[1.122s] writing cpp_pubsub.egg-info/PKG-INFO
[1.122s] writing dependency_links to cpp_pubsub.egg-info/dependency_links.txt
[1.123s] writing top-level names to cpp_pubsub.egg-info/top_level.txt
[1.126s] reading manifest file 'cpp_pubsub.egg-info/SOURCES.txt'
[1.127s] writing manifest file 'cpp_pubsub.egg-info/SOURCES.txt'
[1.151s] [ 71%] Built target ament_cmake_python_build_cpp_pubsub_egg
[1.156s] gmake: *** [Makefile:146: all] Error 2
[1.158s] Invoked command in '/home/parallels/ros2_ws/build/cpp_pubsub' returned '2': CMAKE_PREFIX_PATH=${CMAKE_PREFIX_PATH}:/home/parallels/ros2_ws/install/py_srvcli:/home/parallels/ros2_ws/install/py_pubsub:/home/parallels/ros2_ws/install/launch_testing_examples:/home/parallels/ros2_ws/install/examples_rclpy_pointcloud_publisher:/home/parallels/ros2_ws/install/examples_rclpy_minimal_subscriber:/home/parallels/ros2_ws/install/examples_rclpy_minimal_service:/home/parallels/ros2_ws/install/examples_rclpy_minimal_publisher:/home/parallels/ros2_ws/install/examples_rclpy_minimal_client:/home/parallels/ros2_ws/install/examples_rclpy_minimal_action_server:/home/parallels/ros2_ws/install/examples_rclpy_minimal_action_client:/home/parallels/ros2_ws/install/examples_rclpy_guard_conditions:/home/parallels/ros2_ws/install/examples_rclpy_executors:/opt/ros/humble /usr/bin/cmake --build /home/parallels/ros2_ws/build/cpp_pubsub -- -j2 -l2
