[0.048s] Invoking command in '/home/parallels/ros2_ws/build/cpp_pubsub': CMAKE_PREFIX_PATH=${CMAKE_PREFIX_PATH}:/home/parallels/ros2_ws/install/py_srvcli:/home/parallels/ros2_ws/install/py_pubsub:/home/parallels/ros2_ws/install/launch_testing_examples:/home/parallels/ros2_ws/install/examples_rclpy_pointcloud_publisher:/home/parallels/ros2_ws/install/examples_rclpy_minimal_subscriber:/home/parallels/ros2_ws/install/examples_rclpy_minimal_service:/home/parallels/ros2_ws/install/examples_rclpy_minimal_publisher:/home/parallels/ros2_ws/install/examples_rclpy_minimal_client:/home/parallels/ros2_ws/install/examples_rclpy_minimal_action_server:/home/parallels/ros2_ws/install/examples_rclpy_minimal_action_client:/home/parallels/ros2_ws/install/examples_rclpy_guard_conditions:/home/parallels/ros2_ws/install/examples_rclpy_executors:/opt/ros/humble /usr/bin/cmake --build /home/parallels/ros2_ws/build/cpp_pubsub -- -j2 -l2
[0.229s] [  2%] Built target cpp_pubsub__cpp
[0.236s] [ 11%] Built target cpp_pubsub__rosidl_generator_c
[0.272s] [ 14%] [32mBuilding CXX object CMakeFiles/talker.dir/src/publisher_member_function.cpp.o[0m
[0.278s] [ 14%] Built target ament_cmake_python_copy_cpp_pubsub
[0.301s] [ 20%] Built target listener
[0.323s] [ 28%] Built target cpp_pubsub__rosidl_typesupport_cpp
[0.343s] [ 37%] Built target cpp_pubsub__rosidl_typesupport_fastrtps_c
[0.361s] [ 45%] Built target cpp_pubsub__rosidl_typesupport_fastrtps_cpp
[0.387s] [ 54%] Built target cpp_pubsub__rosidl_typesupport_introspection_c
[0.412s] [ 62%] Built target cpp_pubsub__rosidl_typesupport_c
[0.440s] [ 71%] Built target cpp_pubsub__rosidl_typesupport_introspection_cpp
[0.893s] running egg_info
[0.894s] writing cpp_pubsub.egg-info/PKG-INFO
[0.894s] writing dependency_links to cpp_pubsub.egg-info/dependency_links.txt
[0.894s] writing top-level names to cpp_pubsub.egg-info/top_level.txt
[0.898s] reading manifest file 'cpp_pubsub.egg-info/SOURCES.txt'
[0.903s] writing manifest file 'cpp_pubsub.egg-info/SOURCES.txt'
[0.932s] [ 71%] Built target ament_cmake_python_build_cpp_pubsub_egg
[0.954s] [ 71%] Built target cpp_pubsub
[0.960s] [01m[K/home/parallels/ros2_ws/src/cpp_pubsub/src/publisher_member_function.cpp:22:10:[m[K [01;31m[Kfatal error: [m[Kcustom_interfaces/msg/char.hpp: No such file or directory
[0.960s]    22 | #include [01;31m[K"custom_interfaces/msg/char.hpp"[m[K
[0.960s]       |          [01;31m[K^~~~~~~~~~~~~~~~~~~~~~~~~~~~~~~~[m[K
[0.960s] compilation terminated.
[0.965s] gmake[2]: *** [CMakeFiles/talker.dir/build.make:76: CMakeFiles/talker.dir/src/publisher_member_function.cpp.o] Error 1
[0.965s] gmake[1]: *** [CMakeFiles/Makefile2:594: CMakeFiles/talker.dir/all] Error 2
[0.965s] gmake[1]: *** Waiting for unfinished jobs....
[0.978s] [ 74%] Built target cpp_pubsub__py
[0.978s] gmake: *** [Makefile:146: all] Error 2
[0.981s] Invoked command in '/home/parallels/ros2_ws/build/cpp_pubsub' returned '2': CMAKE_PREFIX_PATH=${CMAKE_PREFIX_PATH}:/home/parallels/ros2_ws/install/py_srvcli:/home/parallels/ros2_ws/install/py_pubsub:/home/parallels/ros2_ws/install/launch_testing_examples:/home/parallels/ros2_ws/install/examples_rclpy_pointcloud_publisher:/home/parallels/ros2_ws/install/examples_rclpy_minimal_subscriber:/home/parallels/ros2_ws/install/examples_rclpy_minimal_service:/home/parallels/ros2_ws/install/examples_rclpy_minimal_publisher:/home/parallels/ros2_ws/install/examples_rclpy_minimal_client:/home/parallels/ros2_ws/install/examples_rclpy_minimal_action_server:/home/parallels/ros2_ws/install/examples_rclpy_minimal_action_client:/home/parallels/ros2_ws/install/examples_rclpy_guard_conditions:/home/parallels/ros2_ws/install/examples_rclpy_executors:/opt/ros/humble /usr/bin/cmake --build /home/parallels/ros2_ws/build/cpp_pubsub -- -j2 -l2
