[0.043s] Invoking command in '/home/parallels/ros2_ws/build/my_opencv_demo': CMAKE_PREFIX_PATH=/opt/ros/humble /usr/bin/cmake /home/parallels/ros2_ws/src/my_opencv_demo -DCMAKE_INSTALL_PREFIX=/home/parallels/ros2_ws/install/my_opencv_demo
[0.167s] -- The C compiler identification is GNU 11.4.0
[0.242s] -- The CXX compiler identification is GNU 11.4.0
[0.255s] -- Detecting C compiler ABI info
[0.335s] -- Detecting C compiler ABI info - done
[0.341s] -- Check for working C compiler: /usr/bin/cc - skipped
[0.342s] -- Detecting C compile features
[0.343s] -- Detecting C compile features - done
[0.346s] -- Detecting CXX compiler ABI info
[0.430s] -- Detecting CXX compiler ABI info - done
[0.440s] -- Check for working CXX compiler: /usr/bin/c++ - skipped
[0.440s] -- Detecting CXX compile features
[0.440s] -- Detecting CXX compile features - done
[0.451s] -- Found ament_cmake: 1.3.8 (/opt/ros/humble/share/ament_cmake/cmake)
[0.591s] -- Found Python3: /usr/bin/python3 (found version "3.10.12") found components: Interpreter 
[0.679s] -- Found rclcpp: 16.0.8 (/opt/ros/humble/share/rclcpp/cmake)
[0.733s] -- Found rosidl_generator_c: 3.1.5 (/opt/ros/humble/share/rosidl_generator_c/cmake)
[0.739s] -- Found rosidl_adapter: 3.1.5 (/opt/ros/humble/share/rosidl_adapter/cmake)
[0.749s] -- Found rosidl_generator_cpp: 3.1.5 (/opt/ros/humble/share/rosidl_generator_cpp/cmake)
[0.767s] -- Using all available rosidl_typesupport_c: rosidl_typesupport_fastrtps_c;rosidl_typesupport_introspection_c
[0.788s] -- Using all available rosidl_typesupport_cpp: rosidl_typesupport_fastrtps_cpp;rosidl_typesupport_introspection_cpp
[0.863s] -- Found rmw_implementation_cmake: 6.1.1 (/opt/ros/humble/share/rmw_implementation_cmake/cmake)
[0.867s] -- Found rmw_fastrtps_cpp: 6.2.6 (/opt/ros/humble/share/rmw_fastrtps_cpp/cmake)
[0.965s] -- Found OpenSSL: /usr/lib/aarch64-linux-gnu/libcrypto.so (found version "3.0.2")  
[0.991s] -- Found FastRTPS: /opt/ros/humble/include  
[1.036s] -- Using RMW implementation 'rmw_fastrtps_cpp' as default
[1.049s] -- Looking for pthread.h
[1.133s] -- Looking for pthread.h - found
[1.133s] -- Performing Test CMAKE_HAVE_LIBC_PTHREAD
[1.191s] -- Performing Test CMAKE_HAVE_LIBC_PTHREAD - Success
[1.191s] -- Found Threads: TRUE  
[1.391s] -- Found sensor_msgs: 4.2.3 (/opt/ros/humble/share/sensor_msgs/cmake)
[1.542s] -- Found cv_bridge: 3.2.1 (/opt/ros/humble/share/cv_bridge/cmake)
[1.561s] -- Found image_transport: 3.1.8 (/opt/ros/humble/share/image_transport/cmake)
[1.620s] -- Found OpenCV: /usr (found version "4.5.4") 
[1.622s] -- Found ament_lint_auto: 0.12.10 (/opt/ros/humble/share/ament_lint_auto/cmake)
[1.704s] -- Added test 'cppcheck' to perform static code analysis on C / C++ code
[1.704s] -- Configured cppcheck include dirs: 
[1.704s] -- Configured cppcheck exclude dirs and/or files: 
[1.705s] -- Added test 'lint_cmake' to check CMake code style
[1.707s] -- Added test 'uncrustify' to check C / C++ code style
[1.707s] -- Configured uncrustify additional arguments: 
[1.707s] -- Added test 'xmllint' to check XML markup files
[1.708s] -- Configuring done
[1.724s] -- Generating done
[1.725s] -- Build files have been written to: /home/parallels/ros2_ws/build/my_opencv_demo
[1.737s] Invoked command in '/home/parallels/ros2_ws/build/my_opencv_demo' returned '0': CMAKE_PREFIX_PATH=/opt/ros/humble /usr/bin/cmake /home/parallels/ros2_ws/src/my_opencv_demo -DCMAKE_INSTALL_PREFIX=/home/parallels/ros2_ws/install/my_opencv_demo
[1.737s] Invoking command in '/home/parallels/ros2_ws/build/my_opencv_demo': CMAKE_PREFIX_PATH=/opt/ros/humble /usr/bin/cmake --build /home/parallels/ros2_ws/build/my_opencv_demo -- -j2 -l2
[1.771s] [ 50%] [32mBuilding CXX object CMakeFiles/minimal_opencv_ros2_node.dir/src/minimal_opencv_ros2_node.cpp.o[0m
[1.792s] [100%] [32m[1mLinking CXX executable minimal_opencv_ros2_node[0m
[2.447s] /usr/bin/ld: /usr/lib/gcc/aarch64-linux-gnu/11/../../../aarch64-linux-gnu/Scrt1.o: in function `_start':
[2.448s] (.text+0x1c): undefined reference to `main'
[2.448s] /usr/bin/ld: (.text+0x20): undefined reference to `main'
[2.450s] collect2: error: ld returned 1 exit status
[2.451s] gmake[2]: *** [CMakeFiles/minimal_opencv_ros2_node.dir/build.make:232: minimal_opencv_ros2_node] Error 1
[2.452s] gmake[1]: *** [CMakeFiles/Makefile2:137: CMakeFiles/minimal_opencv_ros2_node.dir/all] Error 2
[2.452s] gmake: *** [Makefile:146: all] Error 2
[2.455s] Invoked command in '/home/parallels/ros2_ws/build/my_opencv_demo' returned '2': CMAKE_PREFIX_PATH=/opt/ros/humble /usr/bin/cmake --build /home/parallels/ros2_ws/build/my_opencv_demo -- -j2 -l2
