[0.051s] Invoking command in '/home/parallels/ros2_ws/build/cpp_pubsub': CMAKE_PREFIX_PATH=${CMAKE_PREFIX_PATH}:/home/parallels/ros2_ws/install/py_srvcli:/home/parallels/ros2_ws/install/py_pubsub:/home/parallels/ros2_ws/install/launch_testing_examples:/home/parallels/ros2_ws/install/examples_rclpy_pointcloud_publisher:/home/parallels/ros2_ws/install/examples_rclpy_minimal_subscriber:/home/parallels/ros2_ws/install/examples_rclpy_minimal_service:/home/parallels/ros2_ws/install/examples_rclpy_minimal_publisher:/home/parallels/ros2_ws/install/examples_rclpy_minimal_client:/home/parallels/ros2_ws/install/examples_rclpy_minimal_action_server:/home/parallels/ros2_ws/install/examples_rclpy_minimal_action_client:/home/parallels/ros2_ws/install/examples_rclpy_guard_conditions:/home/parallels/ros2_ws/install/examples_rclpy_executors:/opt/ros/humble /usr/bin/cmake --build /home/parallels/ros2_ws/build/cpp_pubsub -- -j2 -l2
[0.134s] -- Found ament_cmake: 1.3.8 (/opt/ros/humble/share/ament_cmake/cmake)
[0.304s] -- Found rclcpp: 16.0.8 (/opt/ros/humble/share/rclcpp/cmake)
[0.366s] -- Found rosidl_generator_c: 3.1.5 (/opt/ros/humble/share/rosidl_generator_c/cmake)
[0.369s] -- Found rosidl_adapter: 3.1.5 (/opt/ros/humble/share/rosidl_adapter/cmake)
[0.378s] -- Found rosidl_generator_cpp: 3.1.5 (/opt/ros/humble/share/rosidl_generator_cpp/cmake)
[0.435s] -- Using all available rosidl_typesupport_c: rosidl_typesupport_fastrtps_c;rosidl_typesupport_introspection_c
[0.459s] -- Using all available rosidl_typesupport_cpp: rosidl_typesupport_fastrtps_cpp;rosidl_typesupport_introspection_cpp
[0.552s] -- Found rmw_implementation_cmake: 6.1.1 (/opt/ros/humble/share/rmw_implementation_cmake/cmake)
[0.558s] -- Found rmw_fastrtps_cpp: 6.2.6 (/opt/ros/humble/share/rmw_fastrtps_cpp/cmake)
[0.722s] -- Using RMW implementation 'rmw_fastrtps_cpp' as default
[0.945s] -- Found custom_interfaces: 0.12.0 (/home/parallels/ros2_ws/install/custom_interfaces/share/custom_interfaces/cmake)
[1.123s] -- Found geometry_msgs: 4.2.3 (/opt/ros/humble/share/geometry_msgs/cmake)
[1.178s] -- Found rosidl_default_generators: 1.2.0 (/opt/ros/humble/share/rosidl_default_generators/cmake)
[1.514s] -- Found ament_cmake_ros: 0.10.0 (/opt/ros/humble/share/ament_cmake_ros/cmake)
[1.920s] -- Using all available rosidl_typesupport_c: rosidl_typesupport_fastrtps_c;rosidl_typesupport_introspection_c
[2.081s] -- Using all available rosidl_typesupport_cpp: rosidl_typesupport_fastrtps_cpp;rosidl_typesupport_introspection_cpp
[2.103s] -- Found python_cmake_module: 0.10.0 (/opt/ros/humble/share/python_cmake_module/cmake)
[2.129s] -- Using PYTHON_EXECUTABLE: /usr/bin/python3
[2.129s] -- Using PYTHON_INCLUDE_DIRS: /usr/include/python3.10
[2.129s] -- Using PYTHON_LIBRARIES: /usr/lib/aarch64-linux-gnu/libpython3.10.so
[2.176s] -- Found ament_lint_auto: 0.12.10 (/opt/ros/humble/share/ament_lint_auto/cmake)
[2.195s] -- Added test 'cppcheck' to perform static code analysis on C / C++ code
[2.196s] -- Configured cppcheck include dirs: 
[2.196s] -- Configured cppcheck exclude dirs and/or files: 
[2.196s] -- Added test 'lint_cmake' to check CMake code style
[2.197s] -- Added test 'uncrustify' to check C / C++ code style
[2.197s] -- Configured uncrustify additional arguments: 
[2.198s] -- Added test 'xmllint' to check XML markup files
[2.203s] -- Configuring done
[2.255s] -- Generating done
[2.258s] -- Build files have been written to: /home/parallels/ros2_ws/build/cpp_pubsub
[2.294s] [35m[1mConsolidate compiler generated dependencies of target cpp_pubsub__rosidl_generator_c[0m
[2.315s] [  2%] Built target cpp_pubsub__cpp
[2.332s] [ 11%] Built target cpp_pubsub__rosidl_generator_c
[2.346s] [35m[1mConsolidate compiler generated dependencies of target talker[0m
[2.382s] [ 11%] Built target ament_cmake_python_copy_cpp_pubsub
[2.393s] [35m[1mConsolidate compiler generated dependencies of target listener[0m
[2.395s] [ 14%] [32mBuilding CXX object CMakeFiles/talker.dir/src/publisher_member_function.cpp.o[0m
[2.415s] [ 17%] [32mBuilding CXX object CMakeFiles/listener.dir/src/subscriber_member_function.cpp.o[0m
[2.911s] [01m[K/home/parallels/ros2_ws/src/cpp_pubsub/src/publisher_member_function.cpp:5:10:[m[K [01;31m[Kfatal error: [m[Kcustom_interfaces/msg/Char.hpp: No such file or directory
[2.911s]     5 | #include [01;31m[K"custom_interfaces/msg/Char.hpp"[m[K                                            // CHANGE
[2.911s]       |          [01;31m[K^~~~~~~~~~~~~~~~~~~~~~~~~~~~~~~~[m[K
[2.911s] compilation terminated.
[2.911s] gmake[2]: *** [CMakeFiles/talker.dir/build.make:76: CMakeFiles/talker.dir/src/publisher_member_function.cpp.o] Error 1
[2.911s] gmake[1]: *** [CMakeFiles/Makefile2:594: CMakeFiles/talker.dir/all] Error 2
[2.911s] gmake[1]: *** Waiting for unfinished jobs....
[59.927s] [01m[K/home/parallels/ros2_ws/src/cpp_pubsub/src/subscriber_member_function.cpp:20:29:[m[K [01;31m[Kerror: [m[Kâ€˜[01m[Ktutorial_interfaces[m[Kâ€™ does not name a type
[59.928s]    20 |   void topic_callback(const [01;31m[Ktutorial_interfaces[m[K::msg::Num & msg) const  // CHANGE
[59.928s]       |                             [01;31m[K^~~~~~~~~~~~~~~~~~~[m[K
[59.932s] [01m[K/home/parallels/ros2_ws/src/cpp_pubsub/src/subscriber_member_function.cpp:20:53:[m[K [01;31m[Kerror: [m[Kexpected unqualified-id before â€˜[01m[K::[m[Kâ€™ token
[59.932s]    20 |   void topic_callback(const tutorial_interfaces::msg[01;31m[K::[m[KNum & msg) const  // CHANGE
[59.932s]       |                                                     [01;31m[K^~[m[K
[59.935s] [01m[K/home/parallels/ros2_ws/src/cpp_pubsub/src/subscriber_member_function.cpp:20:53:[m[K [01;31m[Kerror: [m[Kexpected â€˜[01m[K)[m[Kâ€™ before â€˜[01m[K::[m[Kâ€™ token
[59.935s]    20 |   void topic_callback[34m[K([m[Kconst tutorial_interfaces::msg[01;31m[K:[m[K[32m[K:[m[KNum & msg) const  // CHANGE
[59.935s]       |                      [34m[K~[m[K                              [01;31m[K^[m[K[32m[K~[m[K
[59.935s]       |                                                     [32m[K)[m[K
[59.938s] [01m[K/home/parallels/ros2_ws/src/cpp_pubsub/src/subscriber_member_function.cpp:20:50:[m[K [01;31m[Kerror: [m[Kexpected â€˜[01m[K;[m[Kâ€™ at end of member declaration
[59.938s]    20 |   void topic_callback(const tutorial_interfaces::[01;31m[Kmsg[m[K::Num & msg) const  // CHANGE
[59.938s]       |                                                  [01;31m[K^~~[m[K
[59.938s]       |                                                     [32m[K;[m[K
[59.945s] [01m[K/home/parallels/ros2_ws/src/cpp_pubsub/src/subscriber_member_function.cpp:20:55:[m[K [01;31m[Kerror: [m[Kâ€˜[01m[KNum[m[Kâ€™ in namespace â€˜[01m[K::[m[Kâ€™ does not name a type
[59.945s]    20 |   void topic_callback(const tutorial_interfaces::msg::[01;31m[KNum[m[K & msg) const  // CHANGE
[59.946s]       |                                                       [01;31m[K^~~[m[K
[59.956s] [01m[K/home/parallels/ros2_ws/src/cpp_pubsub/src/subscriber_member_function.cpp:24:48:[m[K [01;31m[Kerror: [m[Kâ€˜[01m[KNum[m[Kâ€™ is not a member of â€˜[01m[Kcustom_interfaces::msg[m[Kâ€™
[59.956s]    24 |   rclcpp::Subscription<custom_interfaces::msg::[01;31m[KNum[m[K>::SharedPtr subscription_;  // CHANGE
[59.969s]       |                                                [01;31m[K^~~[m[K
[60.010s] [01m[K/home/parallels/ros2_ws/src/cpp_pubsub/src/subscriber_member_function.cpp:24:51:[m[K [01;31m[Kerror: [m[Ktemplate argument 1 is invalid
[60.015s]    24 |   rclcpp::Subscription<custom_interfaces::msg::Num[01;31m[K>[m[K::SharedPtr subscription_;  // CHANGE
[60.015s]       |                                                   [01;31m[K^[m[K
[60.015s] [01m[K/home/parallels/ros2_ws/src/cpp_pubsub/src/subscriber_member_function.cpp:24:51:[m[K [01;31m[Kerror: [m[Ktemplate argument 3 is invalid
[60.015s] [01m[K/home/parallels/ros2_ws/src/cpp_pubsub/src/subscriber_member_function.cpp:24:51:[m[K [01;31m[Kerror: [m[Ktemplate argument 4 is invalid
[60.015s] [01m[K/home/parallels/ros2_ws/src/cpp_pubsub/src/subscriber_member_function.cpp:24:51:[m[K [01;31m[Kerror: [m[Ktemplate argument 5 is invalid
[60.017s] [01m[K/home/parallels/ros2_ws/src/cpp_pubsub/src/subscriber_member_function.cpp:24:54:[m[K [01;31m[Kerror: [m[Kexpected â€˜[01m[K;[m[Kâ€™ at end of member declaration
[60.017s]    24 |   rclcpp::Subscription<custom_interfaces::msg::Num>::[01;31m[KSharedPtr[m[K subscription_;  // CHANGE
[60.017s]       |                                                      [01;31m[K^~~~~~~~~[m[K
[60.017s]       |                                                               [32m[K;[m[K
[60.025s] [01m[K/home/parallels/ros2_ws/src/cpp_pubsub/src/subscriber_member_function.cpp:24:64:[m[K [01;31m[Kerror: [m[Kâ€˜[01m[Ksubscription_[m[Kâ€™ does not name a type; did you mean â€˜[01m[Krmw_subscription_t[m[Kâ€™?
[60.025s]    24 |   rclcpp::Subscription<custom_interfaces::msg::Num>::SharedPtr [01;31m[Ksubscription_[m[K;  // CHANGE
[60.025s]       |                                                                [01;31m[K^~~~~~~~~~~~~[m[K
[60.025s]       |                                                                [32m[Krmw_subscription_t[m[K
[60.126s] [01m[K/home/parallels/ros2_ws/src/cpp_pubsub/src/subscriber_member_function.cpp:[m[K In constructor â€˜[01m[KMinimalSubscriber::MinimalSubscriber()[m[Kâ€™:
[60.132s] [01m[K/home/parallels/ros2_ws/src/cpp_pubsub/src/subscriber_member_function.cpp:15:5:[m[K [01;31m[Kerror: [m[Kâ€˜[01m[Ksubscription_[m[Kâ€™ was not declared in this scope; did you mean â€˜[01m[Krmw_subscription_t[m[Kâ€™?
[60.132s]    15 |     [01;31m[Ksubscription_[m[K = this->create_subscription<custom_interfaces::msg::Num>(    // CHANGE
[60.132s]       |     [01;31m[K^~~~~~~~~~~~~[m[K
[60.132s]       |     [32m[Krmw_subscription_t[m[K
[60.145s] [01m[K/home/parallels/ros2_ws/src/cpp_pubsub/src/subscriber_member_function.cpp:15:71:[m[K [01;31m[Kerror: [m[Kâ€˜[01m[KNum[m[Kâ€™ is not a member of â€˜[01m[Kcustom_interfaces::msg[m[Kâ€™
[60.145s]    15 |     subscription_ = this->create_subscription<custom_interfaces::msg::[01;31m[KNum[m[K>(    // CHANGE
[60.145s]       |                                                                       [01;31m[K^~~[m[K
[61.146s] [01m[K/home/parallels/ros2_ws/src/cpp_pubsub/src/subscriber_member_function.cpp:15:75:[m[K [01;31m[Kerror: [m[Kno matching function for call to â€˜[01m[KMinimalSubscriber::create_subscription<<expression error> >(const char [6], int, std::_Bind_helper<false, void (MinimalSubscriber::*)(...), MinimalSubscriber*, const std::_Placeholder<1>&>::type)[m[Kâ€™
[61.150s]    15 |     subscription_ = [01;31m[Kthis->create_subscription<custom_interfaces::msg::Num>(    // CHANGE[m[K
[61.150s]       |                     [01;31m[K~~~~~~~~~~~~~~~~~~~~~~~~~~~~~~~~~~~~~~~~~~~~~~~~~~~~~~^~~~~~~~~~~~~~[m[K
[61.150s]    16 | [01;31m[K      "topic", 10, std::bind(&MinimalSubscriber::topic_callback, this, _1))[m[K;
[61.150s]       |       [01;31m[K~~~~~~~~~~~~~~~~~~~~~~~~~~~~~~~~~~~~~~~~~~~~~~~~~~~~~~~~~~~~~~~~~~~~~[m[K
[61.223s] In file included from [01m[K/opt/ros/humble/include/rclcpp/rclcpp/executors/single_threaded_executor.hpp:28[m[K,
[61.225s]                  from [01m[K/opt/ros/humble/include/rclcpp/rclcpp/executors.hpp:22[m[K,
[61.225s]                  from [01m[K/opt/ros/humble/include/rclcpp/rclcpp/rclcpp.hpp:155[m[K,
[61.225s]                  from [01m[K/home/parallels/ros2_ws/src/cpp_pubsub/src/subscriber_member_function.cpp:4[m[K:
[61.225s] [01m[K/opt/ros/humble/include/rclcpp/rclcpp/node.hpp:219:3:[m[K [01;36m[Knote: [m[Kcandidate: â€˜[01m[Ktemplate<class MessageT, class CallbackT, class AllocatorT, class SubscriptionT, class MessageMemoryStrategyT> std::shared_ptr<ROSMessageT> rclcpp::Node::create_subscription(const string&, const rclcpp::QoS&, CallbackT&&, const rclcpp::SubscriptionOptionsWithAllocator<AllocatorT>&, typename MessageMemoryStrategyT::SharedPtr)[m[Kâ€™
[61.225s]   219 |   [01;36m[Kcreate_subscription[m[K(
[61.225s]       |   [01;36m[K^~~~~~~~~~~~~~~~~~~[m[K
[61.225s] [01m[K/opt/ros/humble/include/rclcpp/rclcpp/node.hpp:219:3:[m[K [01;36m[Knote: [m[K  template argument deduction/substitution failed:
[61.225s] [01m[K/home/parallels/ros2_ws/src/cpp_pubsub/src/subscriber_member_function.cpp:15:75:[m[K [01;31m[Kerror: [m[Ktemplate argument 1 is invalid
[61.225s]    15 |     subscription_ = [01;31m[Kthis->create_subscription<custom_interfaces::msg::Num>(    // CHANGE[m[K
[61.225s]       |                     [01;31m[K~~~~~~~~~~~~~~~~~~~~~~~~~~~~~~~~~~~~~~~~~~~~~~~~~~~~~~^~~~~~~~~~~~~~[m[K
[61.225s]    16 | [01;31m[K      "topic", 10, std::bind(&MinimalSubscriber::topic_callback, this, _1))[m[K;
[61.225s]       |       [01;31m[K~~~~~~~~~~~~~~~~~~~~~~~~~~~~~~~~~~~~~~~~~~~~~~~~~~~~~~~~~~~~~~~~~~~~~[m[K
