<?xml version="1.0" encoding="utf-8"?><testsuites><testsuite name="pytest" errors="0" failures="0" skipped="0" tests="3" time="0.406" timestamp="2024-03-13T22:30:27.422047" hostname="ubuntu-linux-22-04-desktop"><testcase classname="examples_rclpy_executors.executors.test.test_copyright" name="test_copyright" time="0.189" /><testcase classname="examples_rclpy_executors.executors.test.test_flake8" name="test_flake8" time="0.109" /><testcase classname="examples_rclpy_executors.executors.test.test_pep257" name="test_pep257" time="0.031" /></testsuite></testsuites>