[  2%] Built target cpp_pubsub__cpp
[ 11%] Built target cpp_pubsub__rosidl_generator_c
[ 14%] [32mBuilding CXX object CMakeFiles/talker.dir/src/publisher_member_function.cpp.o[0m
[ 14%] Built target ament_cmake_python_copy_cpp_pubsub
[ 20%] Built target listener
[ 28%] Built target cpp_pubsub__rosidl_typesupport_cpp
[ 37%] Built target cpp_pubsub__rosidl_typesupport_fastrtps_c
[ 45%] Built target cpp_pubsub__rosidl_typesupport_fastrtps_cpp
[01m[K/home/parallels/ros2_ws/src/cpp_pubsub/src/publisher_member_function.cpp:5:10:[m[K [01;31m[Kfatal error: [m[Kcpp_pubsub/msg/num.hpp: No such file or directory
    5 | #include [01;31m[K"cpp_pubsub/msg/num.hpp"[m[K
      |          [01;31m[K^~~~~~~~~~~~~~~~~~~~~~~~[m[K
compilation terminated.
gmake[2]: *** [CMakeFiles/talker.dir/build.make:76: CMakeFiles/talker.dir/src/publisher_member_function.cpp.o] Error 1
gmake[1]: *** [CMakeFiles/Makefile2:594: CMakeFiles/talker.dir/all] Error 2
gmake[1]: *** Waiting for unfinished jobs....
[ 54%] Built target cpp_pubsub__rosidl_typesupport_introspection_c
gmake: *** [Makefile:146: all] Error 2
