[0.039s] Invoking command in '/home/parallels/ros2_ws/build/tutorial_interfaces': /usr/bin/cmake --build /home/parallels/ros2_ws/build/tutorial_interfaces -- -j2 -l2
[0.084s] -- Found ament_cmake: 1.3.8 (/opt/ros/humble/share/ament_cmake/cmake)
[0.208s] -- Found rclcpp: 16.0.8 (/opt/ros/humble/share/rclcpp/cmake)
[0.259s] -- Found rosidl_generator_c: 3.1.5 (/opt/ros/humble/share/rosidl_generator_c/cmake)
[0.263s] -- Found rosidl_adapter: 3.1.5 (/opt/ros/humble/share/rosidl_adapter/cmake)
[0.272s] -- Found rosidl_generator_cpp: 3.1.5 (/opt/ros/humble/share/rosidl_generator_cpp/cmake)
[0.285s] -- Using all available rosidl_typesupport_c: rosidl_typesupport_fastrtps_c;rosidl_typesupport_introspection_c
[0.306s] -- Using all available rosidl_typesupport_cpp: rosidl_typesupport_fastrtps_cpp;rosidl_typesupport_introspection_cpp
[0.377s] -- Found rmw_implementation_cmake: 6.1.1 (/opt/ros/humble/share/rmw_implementation_cmake/cmake)
[0.379s] -- Found rmw_fastrtps_cpp: 6.2.6 (/opt/ros/humble/share/rmw_fastrtps_cpp/cmake)
[0.514s] -- Using RMW implementation 'rmw_fastrtps_cpp' as default
[0.681s] -- Found tutorial_interfaces: 0.0.0 (/home/parallels/ros2_ws/install/tutorial_interfaces/share/tutorial_interfaces/cmake)
[0.841s] Error parsing '/home/parallels/ros2_ws/src/tutorial_interfaces/package.xml':
[0.894s] Traceback (most recent call last):
[0.894s]   File "/opt/ros/humble/share/ament_cmake_core/cmake/core/package_xml_2_cmake.py", line 150, in <module>
[0.894s]     main()
[0.894s]   File "/opt/ros/humble/share/ament_cmake_core/cmake/core/package_xml_2_cmake.py", line 53, in main
[0.894s]     raise e
[0.894s]   File "/opt/ros/humble/share/ament_cmake_core/cmake/core/package_xml_2_cmake.py", line 49, in main
[0.894s]     package = parse_package_string(
[0.894s]   File "/usr/lib/python3/dist-packages/catkin_pkg/package.py", line 788, in parse_package_string
[0.895s]     pkg.validate(warnings=warnings)
[0.895s]   File "/usr/lib/python3/dist-packages/catkin_pkg/package.py", line 330, in validate
[0.895s]     raise InvalidPackage('\n'.join(errors), self.filename)
[0.895s] catkin_pkg.package.InvalidPackage: Error(s) in package '/home/parallels/ros2_ws/src/tutorial_interfaces/package.xml':
[0.895s] The package "tutorial_interfaces" must not "build_depend" on a package with the same name as this package
[0.895s] The package "tutorial_interfaces" must not "build_export_depend" on a package with the same name as this package
[0.895s] The package "tutorial_interfaces" must not "exec_depend" on a package with the same name as this package
[0.911s] [31mCMake Error at /opt/ros/humble/share/ament_cmake_core/cmake/core/ament_package_xml.cmake:95 (message):
[0.911s]   execute_process(/usr/bin/python3
[0.911s]   /opt/ros/humble/share/ament_cmake_core/cmake/core/package_xml_2_cmake.py
[0.911s]   /home/parallels/ros2_ws/src/tutorial_interfaces/package.xml
[0.911s]   /home/parallels/ros2_ws/build/tutorial_interfaces/ament_cmake_core/package.cmake)
[0.912s]   returned error code 1
[0.912s] Call Stack (most recent call first):
[0.912s]   /opt/ros/humble/share/ament_cmake_core/cmake/core/ament_package_xml.cmake:49 (_ament_package_xml)
[0.912s]   /opt/ros/humble/share/ament_cmake_core/cmake/core/ament_package.cmake:63 (ament_package_xml)
[0.912s]   CMakeLists.txt:23 (ament_package)
[0.912s] 
[0.912s] [0m
[0.912s] -- Configuring incomplete, errors occurred!
[0.912s] See also "/home/parallels/ros2_ws/build/tutorial_interfaces/CMakeFiles/CMakeOutput.log".
[0.920s] gmake: *** [Makefile:1179: cmake_check_build_system] Error 1
[0.920s] Invoked command in '/home/parallels/ros2_ws/build/tutorial_interfaces' returned '2': /usr/bin/cmake --build /home/parallels/ros2_ws/build/tutorial_interfaces -- -j2 -l2
