[0.065s] Invoking command in '/home/parallels/ros2_ws/build/cpp_pubsub': CMAKE_PREFIX_PATH=${CMAKE_PREFIX_PATH}:/home/parallels/ros2_ws/install/py_srvcli:/home/parallels/ros2_ws/install/py_pubsub:/home/parallels/ros2_ws/install/launch_testing_examples:/home/parallels/ros2_ws/install/examples_rclpy_pointcloud_publisher:/home/parallels/ros2_ws/install/examples_rclpy_minimal_subscriber:/home/parallels/ros2_ws/install/examples_rclpy_minimal_service:/home/parallels/ros2_ws/install/examples_rclpy_minimal_publisher:/home/parallels/ros2_ws/install/examples_rclpy_minimal_client:/home/parallels/ros2_ws/install/examples_rclpy_minimal_action_server:/home/parallels/ros2_ws/install/examples_rclpy_minimal_action_client:/home/parallels/ros2_ws/install/examples_rclpy_guard_conditions:/home/parallels/ros2_ws/install/examples_rclpy_executors:/opt/ros/humble /usr/bin/cmake --build /home/parallels/ros2_ws/build/cpp_pubsub -- -j2 -l2
[0.325s] [  8%] Built target cpp_pubsub__rosidl_generator_c
[0.331s] [ 11%] Built target cpp_pubsub__cpp
[0.375s] [ 11%] Built target ament_cmake_python_copy_cpp_pubsub
[0.384s] [ 14%] [32mBuilding CXX object CMakeFiles/talker.dir/src/publisher_member_function.cpp.o[0m
[0.427s] [ 20%] Built target listener
[0.464s] [ 28%] Built target cpp_pubsub__rosidl_typesupport_cpp
[0.500s] [ 37%] Built target cpp_pubsub__rosidl_typesupport_fastrtps_c
[0.537s] [ 45%] Built target cpp_pubsub__rosidl_typesupport_fastrtps_cpp
[0.560s] [ 54%] Built target cpp_pubsub__rosidl_typesupport_introspection_c
[0.580s] [ 62%] Built target cpp_pubsub__rosidl_typesupport_c
[0.636s] [ 71%] Built target cpp_pubsub__rosidl_typesupport_introspection_cpp
[1.062s] [01m[K/home/parallels/ros2_ws/src/cpp_pubsub/src/publisher_member_function.cpp:22:10:[m[K [01;31m[Kfatal error: [m[Kcustom_interfaces/msg/float_32_multi_array.hpp: No such file or directory
[1.062s]    22 | #include [01;31m[K"custom_interfaces/msg/float_32_multi_array.hpp"[m[K
[1.062s]       |          [01;31m[K^~~~~~~~~~~~~~~~~~~~~~~~~~~~~~~~~~~~~~~~~~~~~~~~[m[K
[1.062s] compilation terminated.
[1.066s] gmake[2]: *** [CMakeFiles/talker.dir/build.make:76: CMakeFiles/talker.dir/src/publisher_member_function.cpp.o] Error 1
[1.066s] gmake[1]: *** [CMakeFiles/Makefile2:594: CMakeFiles/talker.dir/all] Error 2
[1.066s] gmake[1]: *** Waiting for unfinished jobs....
[1.369s] running egg_info
[1.369s] writing cpp_pubsub.egg-info/PKG-INFO
[1.369s] writing dependency_links to cpp_pubsub.egg-info/dependency_links.txt
[1.369s] writing top-level names to cpp_pubsub.egg-info/top_level.txt
[1.377s] reading manifest file 'cpp_pubsub.egg-info/SOURCES.txt'
[1.377s] writing manifest file 'cpp_pubsub.egg-info/SOURCES.txt'
[1.417s] [ 71%] Built target ament_cmake_python_build_cpp_pubsub_egg
[1.418s] gmake: *** [Makefile:146: all] Error 2
[1.421s] Invoked command in '/home/parallels/ros2_ws/build/cpp_pubsub' returned '2': CMAKE_PREFIX_PATH=${CMAKE_PREFIX_PATH}:/home/parallels/ros2_ws/install/py_srvcli:/home/parallels/ros2_ws/install/py_pubsub:/home/parallels/ros2_ws/install/launch_testing_examples:/home/parallels/ros2_ws/install/examples_rclpy_pointcloud_publisher:/home/parallels/ros2_ws/install/examples_rclpy_minimal_subscriber:/home/parallels/ros2_ws/install/examples_rclpy_minimal_service:/home/parallels/ros2_ws/install/examples_rclpy_minimal_publisher:/home/parallels/ros2_ws/install/examples_rclpy_minimal_client:/home/parallels/ros2_ws/install/examples_rclpy_minimal_action_server:/home/parallels/ros2_ws/install/examples_rclpy_minimal_action_client:/home/parallels/ros2_ws/install/examples_rclpy_guard_conditions:/home/parallels/ros2_ws/install/examples_rclpy_executors:/opt/ros/humble /usr/bin/cmake --build /home/parallels/ros2_ws/build/cpp_pubsub -- -j2 -l2
