[35m[1mConsolidate compiler generated dependencies of target minimal_opencv_ros2_node[0m
[ 50%] [32mBuilding CXX object CMakeFiles/minimal_opencv_ros2_node.dir/src/minimal_opencv_ros2_node.cpp.o[0m
[01m[K/home/parallels/ros2_ws/src/my_opencv_demo/src/minimal_opencv_ros2_node.cpp:[m[K In constructor â€˜[01m[KMinimalImagePublisher::MinimalImagePublisher()[m[Kâ€™:
[01m[K/home/parallels/ros2_ws/src/my_opencv_demo/src/minimal_opencv_ros2_node.cpp:17:49:[m[K [01;31m[Kerror: [m[Kinvalid use of non-static member function â€˜[01m[Kvoid MinimalImagePublisher::timer_callback()[m[Kâ€™
   17 |         500ms, std::bind([01;31m[KMinimalImagePublisher::timer_callback[m[K, this));
      |                          [01;31m[K~~~~~~~~~~~~~~~~~~~~~~~^~~~~~~~~~~~~~[m[K
[01m[K/home/parallels/ros2_ws/src/my_opencv_demo/src/minimal_opencv_ros2_node.cpp:21:8:[m[K [01;36m[Knote: [m[Kdeclared here
   21 |   void [01;36m[Ktimer_callback[m[K() {
      |        [01;36m[K^~~~~~~~~~~~~~[m[K
gmake[2]: *** [CMakeFiles/minimal_opencv_ros2_node.dir/build.make:76: CMakeFiles/minimal_opencv_ros2_node.dir/src/minimal_opencv_ros2_node.cpp.o] Error 1
gmake[1]: *** [CMakeFiles/Makefile2:137: CMakeFiles/minimal_opencv_ros2_node.dir/all] Error 2
gmake: *** [Makefile:146: all] Error 2
